Analysis & Synthesis report for FIR_Filter_Gaussian
Wed Jul 30 14:49:04 2025
Quartus Prime Version 23.1std.1 Build 993 05/14/2024 SC Lite Edition


---------------------
; Table of Contents ;
---------------------
  1. Legal Notice
  2. Analysis & Synthesis Summary
  3. Analysis & Synthesis Settings
  4. Parallel Compilation
  5. Analysis & Synthesis Source Files Read
  6. Analysis & Synthesis Resource Usage Summary
  7. Analysis & Synthesis Resource Utilization by Entity
  8. Registers Removed During Synthesis
  9. Removed Registers Triggering Further Register Optimizations
 10. General Register Statistics
 11. Parameter Settings for User Entity Instance: Top-level Entity: |gaussian_fir
 12. Parameter Settings for User Entity Instance: ffd:FFD[0].ffd1s
 13. Parameter Settings for User Entity Instance: ffd:FFD[1].ffd1s
 14. Parameter Settings for User Entity Instance: ffd:FFD[2].ffd1s
 15. Parameter Settings for User Entity Instance: ffd:FFD[3].ffd1s
 16. Parameter Settings for User Entity Instance: ffd:FFD[4].ffd1s
 17. Parameter Settings for User Entity Instance: ffd:FFD[5].ffd1s
 18. Parameter Settings for User Entity Instance: ffd:FFD[6].ffd1s
 19. Parameter Settings for User Entity Instance: ffd:FFD[7].ffd1s
 20. Parameter Settings for User Entity Instance: ffd:FFD[8].ffd1s
 21. Parameter Settings for User Entity Instance: sum:SUM[0].sum1s
 22. Parameter Settings for User Entity Instance: sum:SUM[1].sum1s
 23. Parameter Settings for User Entity Instance: sum:SUM[2].sum1s
 24. Parameter Settings for User Entity Instance: sum:SUM[3].sum1s
 25. Parameter Settings for User Entity Instance: sum:SUM[4].sum1s
 26. Parameter Settings for User Entity Instance: sum:SUM[5].sum1s
 27. Parameter Settings for User Entity Instance: sum:SUM[6].sum1s
 28. Parameter Settings for User Entity Instance: sum:SUM[7].sum1s
 29. Parameter Settings for User Entity Instance: sum:SUM[8].sum1s
 30. Post-Synthesis Netlist Statistics for Top Partition
 31. Elapsed Time Per Partition
 32. Analysis & Synthesis Messages



----------------
; Legal Notice ;
----------------
Copyright (C) 2024  Intel Corporation. All rights reserved.
Your use of Intel Corporation's design tools, logic functions 
and other software and tools, and any partner logic 
functions, and any output files from any of the foregoing 
(including device programming or simulation files), and any 
associated documentation or information are expressly subject 
to the terms and conditions of the Intel Program License 
Subscription Agreement, the Intel Quartus Prime License Agreement,
the Intel FPGA IP License Agreement, or other applicable license
agreement, including, without limitation, that your use is for
the sole purpose of programming logic devices manufactured by
Intel and sold by Intel or its authorized distributors.  Please
refer to the applicable agreement for further details, at
https://fpgasoftware.intel.com/eula.



+-------------------------------------------------------------------------------------+
; Analysis & Synthesis Summary                                                        ;
+------------------------------------+------------------------------------------------+
; Analysis & Synthesis Status        ; Successful - Wed Jul 30 14:49:04 2025          ;
; Quartus Prime Version              ; 23.1std.1 Build 993 05/14/2024 SC Lite Edition ;
; Revision Name                      ; FIR_Filter_Gaussian                            ;
; Top-level Entity Name              ; gaussian_fir                                   ;
; Family                             ; Cyclone IV E                                   ;
; Total logic elements               ; 0                                              ;
;     Total combinational functions  ; 0                                              ;
;     Dedicated logic registers      ; 0                                              ;
; Total registers                    ; 0                                              ;
; Total pins                         ; 18                                             ;
; Total virtual pins                 ; 0                                              ;
; Total memory bits                  ; 0                                              ;
; Embedded Multiplier 9-bit elements ; 0                                              ;
; Total PLLs                         ; 0                                              ;
+------------------------------------+------------------------------------------------+


+-------------------------------------------------------------------------------------------------------------+
; Analysis & Synthesis Settings                                                                               ;
+------------------------------------------------------------------+--------------------+---------------------+
; Option                                                           ; Setting            ; Default Value       ;
+------------------------------------------------------------------+--------------------+---------------------+
; Top-level entity name                                            ; gaussian_fir       ; FIR_Filter_Gaussian ;
; Family name                                                      ; Cyclone IV E       ; Cyclone V           ;
; Use smart compilation                                            ; Off                ; Off                 ;
; Enable parallel Assembler and Timing Analyzer during compilation ; On                 ; On                  ;
; Enable compact report table                                      ; Off                ; Off                 ;
; Restructure Multiplexers                                         ; Auto               ; Auto                ;
; Create Debugging Nodes for IP Cores                              ; Off                ; Off                 ;
; Preserve fewer node names                                        ; On                 ; On                  ;
; Intel FPGA IP Evaluation Mode                                    ; Enable             ; Enable              ;
; Verilog Version                                                  ; Verilog_2001       ; Verilog_2001        ;
; VHDL Version                                                     ; VHDL_1993          ; VHDL_1993           ;
; State Machine Processing                                         ; Auto               ; Auto                ;
; Safe State Machine                                               ; Off                ; Off                 ;
; Extract Verilog State Machines                                   ; On                 ; On                  ;
; Extract VHDL State Machines                                      ; On                 ; On                  ;
; Ignore Verilog initial constructs                                ; Off                ; Off                 ;
; Iteration limit for constant Verilog loops                       ; 5000               ; 5000                ;
; Iteration limit for non-constant Verilog loops                   ; 250                ; 250                 ;
; Add Pass-Through Logic to Inferred RAMs                          ; On                 ; On                  ;
; Infer RAMs from Raw Logic                                        ; On                 ; On                  ;
; Parallel Synthesis                                               ; On                 ; On                  ;
; DSP Block Balancing                                              ; Auto               ; Auto                ;
; NOT Gate Push-Back                                               ; On                 ; On                  ;
; Power-Up Don't Care                                              ; On                 ; On                  ;
; Remove Redundant Logic Cells                                     ; Off                ; Off                 ;
; Remove Duplicate Registers                                       ; On                 ; On                  ;
; Ignore CARRY Buffers                                             ; Off                ; Off                 ;
; Ignore CASCADE Buffers                                           ; Off                ; Off                 ;
; Ignore GLOBAL Buffers                                            ; Off                ; Off                 ;
; Ignore ROW GLOBAL Buffers                                        ; Off                ; Off                 ;
; Ignore LCELL Buffers                                             ; Off                ; Off                 ;
; Ignore SOFT Buffers                                              ; On                 ; On                  ;
; Limit AHDL Integers to 32 Bits                                   ; Off                ; Off                 ;
; Optimization Technique                                           ; Balanced           ; Balanced            ;
; Carry Chain Length                                               ; 70                 ; 70                  ;
; Auto Carry Chains                                                ; On                 ; On                  ;
; Auto Open-Drain Pins                                             ; On                 ; On                  ;
; Perform WYSIWYG Primitive Resynthesis                            ; Off                ; Off                 ;
; Auto ROM Replacement                                             ; On                 ; On                  ;
; Auto RAM Replacement                                             ; On                 ; On                  ;
; Auto DSP Block Replacement                                       ; On                 ; On                  ;
; Auto Shift Register Replacement                                  ; Auto               ; Auto                ;
; Allow Shift Register Merging across Hierarchies                  ; Auto               ; Auto                ;
; Auto Clock Enable Replacement                                    ; On                 ; On                  ;
; Strict RAM Replacement                                           ; Off                ; Off                 ;
; Allow Synchronous Control Signals                                ; On                 ; On                  ;
; Force Use of Synchronous Clear Signals                           ; Off                ; Off                 ;
; Auto RAM Block Balancing                                         ; On                 ; On                  ;
; Auto RAM to Logic Cell Conversion                                ; Off                ; Off                 ;
; Auto Resource Sharing                                            ; Off                ; Off                 ;
; Allow Any RAM Size For Recognition                               ; Off                ; Off                 ;
; Allow Any ROM Size For Recognition                               ; Off                ; Off                 ;
; Allow Any Shift Register Size For Recognition                    ; Off                ; Off                 ;
; Use LogicLock Constraints during Resource Balancing              ; On                 ; On                  ;
; Ignore translate_off and synthesis_off directives                ; Off                ; Off                 ;
; Timing-Driven Synthesis                                          ; On                 ; On                  ;
; Report Parameter Settings                                        ; On                 ; On                  ;
; Report Source Assignments                                        ; On                 ; On                  ;
; Report Connectivity Checks                                       ; On                 ; On                  ;
; Ignore Maximum Fan-Out Assignments                               ; Off                ; Off                 ;
; Synchronization Register Chain Length                            ; 2                  ; 2                   ;
; Power Optimization During Synthesis                              ; Normal compilation ; Normal compilation  ;
; HDL message level                                                ; Level2             ; Level2              ;
; Suppress Register Optimization Related Messages                  ; Off                ; Off                 ;
; Number of Removed Registers Reported in Synthesis Report         ; 5000               ; 5000                ;
; Number of Swept Nodes Reported in Synthesis Report               ; 5000               ; 5000                ;
; Number of Inverted Registers Reported in Synthesis Report        ; 100                ; 100                 ;
; Clock MUX Protection                                             ; On                 ; On                  ;
; Auto Gated Clock Conversion                                      ; Off                ; Off                 ;
; Block Design Naming                                              ; Auto               ; Auto                ;
; SDC constraint protection                                        ; Off                ; Off                 ;
; Synthesis Effort                                                 ; Auto               ; Auto                ;
; Shift Register Replacement - Allow Asynchronous Clear Signal     ; On                 ; On                  ;
; Pre-Mapping Resynthesis Optimization                             ; Off                ; Off                 ;
; Analysis & Synthesis Message Level                               ; Medium             ; Medium              ;
; Disable Register Merging Across Hierarchies                      ; Auto               ; Auto                ;
; Resource Aware Inference For Block RAM                           ; On                 ; On                  ;
+------------------------------------------------------------------+--------------------+---------------------+


+------------------------------------------+
; Parallel Compilation                     ;
+----------------------------+-------------+
; Processors                 ; Number      ;
+----------------------------+-------------+
; Number detected on machine ; 32          ;
; Maximum allowed            ; 16          ;
;                            ;             ;
; Average used               ; 1.00        ;
; Maximum used               ; 1           ;
;                            ;             ;
; Usage by Processor         ; % Time Used ;
;     Processor 1            ; 100.0%      ;
+----------------------------+-------------+


+------------------------------------------------------------------------------------------------------------------------------------------------------------------------------------------------------------+
; Analysis & Synthesis Source Files Read                                                                                                                                                                     ;
+------------------------------------------------------------------------+-----------------+------------------------------+------------------------------------------------------------------------+---------+
; File Name with User-Entered Path                                       ; Used in Netlist ; File Type                    ; File Name with Absolute Path                                           ; Library ;
+------------------------------------------------------------------------+-----------------+------------------------------+------------------------------------------------------------------------+---------+
; ../hdl/gaussian_fir.sv                                                 ; yes             ; User SystemVerilog HDL File  ; /home/xmen/Videos/FIR_Filter_Gaussian/hdl/gaussian_fir.sv              ;         ;
; ../hdl/base_fir.sv                                                     ; yes             ; User SystemVerilog HDL File  ; /home/xmen/Videos/FIR_Filter_Gaussian/hdl/base_fir.sv                  ;         ;
; /home/xmen/Videos/FIR_Filter_Gaussian/txt/coefs_ponto_fixo_q8gauss.txt ; yes             ; Auto-Found File              ; /home/xmen/Videos/FIR_Filter_Gaussian/txt/coefs_ponto_fixo_q8gauss.txt ;         ;
+------------------------------------------------------------------------+-----------------+------------------------------+------------------------------------------------------------------------+---------+


+-----------------------------------------------------+
; Analysis & Synthesis Resource Usage Summary         ;
+---------------------------------------------+-------+
; Resource                                    ; Usage ;
+---------------------------------------------+-------+
;                                             ;       ;
; Total combinational functions               ; 0     ;
; Logic element usage by number of LUT inputs ;       ;
;     -- 4 input functions                    ; 0     ;
;     -- 3 input functions                    ; 0     ;
;     -- <=2 input functions                  ; 0     ;
;                                             ;       ;
; Logic elements by mode                      ;       ;
;     -- normal mode                          ; 0     ;
;     -- arithmetic mode                      ; 0     ;
;                                             ;       ;
; Total registers                             ; 0     ;
;     -- Dedicated logic registers            ; 0     ;
;     -- I/O registers                        ; 0     ;
;                                             ;       ;
; I/O pins                                    ; 18    ;
;                                             ;       ;
; Embedded Multiplier 9-bit elements          ; 0     ;
;                                             ;       ;
; Maximum fan-out node                        ; clock ;
; Maximum fan-out                             ; 1     ;
; Total fan-out                               ; 18    ;
; Average fan-out                             ; 0.50  ;
+---------------------------------------------+-------+


+-----------------------------------------------------------------------------------------------------------------------------------------------------------------------------------------------------------+
; Analysis & Synthesis Resource Utilization by Entity                                                                                                                                                       ;
+----------------------------+---------------------+---------------------------+-------------+--------------+---------+-----------+------+--------------+---------------------+--------------+--------------+
; Compilation Hierarchy Node ; Combinational ALUTs ; Dedicated Logic Registers ; Memory Bits ; DSP Elements ; DSP 9x9 ; DSP 18x18 ; Pins ; Virtual Pins ; Full Hierarchy Name ; Entity Name  ; Library Name ;
+----------------------------+---------------------+---------------------------+-------------+--------------+---------+-----------+------+--------------+---------------------+--------------+--------------+
; |gaussian_fir              ; 0 (0)               ; 0 (0)                     ; 0           ; 0            ; 0       ; 0         ; 18   ; 0            ; |gaussian_fir       ; gaussian_fir ; work         ;
+----------------------------+---------------------+---------------------------+-------------+--------------+---------+-----------+------+--------------+---------------------+--------------+--------------+
Note: For table entries with two numbers listed, the numbers in parentheses indicate the number of resources of the given type used by the specific entity alone. The numbers listed outside of parentheses indicate the total resources of the given type used by the specific entity and all of its sub-entities in the hierarchy.


+-------------------------------------------------------------+
; Registers Removed During Synthesis                          ;
+----------------------------------------+--------------------+
; Register name                          ; Reason for Removal ;
+----------------------------------------+--------------------+
; ffd:FFD[8].ffd1s|yn[7]                 ; Lost fanout        ;
; ffd:FFD[7].ffd1s|yn[7]                 ; Lost fanout        ;
; ffd:FFD[6].ffd1s|yn[7]                 ; Lost fanout        ;
; ffd:FFD[5].ffd1s|yn[7]                 ; Lost fanout        ;
; ffd:FFD[4].ffd1s|yn[7]                 ; Lost fanout        ;
; ffd:FFD[3].ffd1s|yn[7]                 ; Lost fanout        ;
; ffd:FFD[2].ffd1s|yn[7]                 ; Lost fanout        ;
; ffd:FFD[1].ffd1s|yn[7]                 ; Lost fanout        ;
; ffd:FFD[0].ffd1s|yn[7]                 ; Lost fanout        ;
; ffd:FFD[8].ffd1s|yn[6]                 ; Lost fanout        ;
; ffd:FFD[7].ffd1s|yn[6]                 ; Lost fanout        ;
; ffd:FFD[6].ffd1s|yn[6]                 ; Lost fanout        ;
; ffd:FFD[5].ffd1s|yn[6]                 ; Lost fanout        ;
; ffd:FFD[4].ffd1s|yn[6]                 ; Lost fanout        ;
; ffd:FFD[3].ffd1s|yn[6]                 ; Lost fanout        ;
; ffd:FFD[2].ffd1s|yn[6]                 ; Lost fanout        ;
; ffd:FFD[1].ffd1s|yn[6]                 ; Lost fanout        ;
; ffd:FFD[0].ffd1s|yn[6]                 ; Lost fanout        ;
; ffd:FFD[8].ffd1s|yn[5]                 ; Lost fanout        ;
; ffd:FFD[7].ffd1s|yn[5]                 ; Lost fanout        ;
; ffd:FFD[6].ffd1s|yn[5]                 ; Lost fanout        ;
; ffd:FFD[5].ffd1s|yn[5]                 ; Lost fanout        ;
; ffd:FFD[4].ffd1s|yn[5]                 ; Lost fanout        ;
; ffd:FFD[3].ffd1s|yn[5]                 ; Lost fanout        ;
; ffd:FFD[2].ffd1s|yn[5]                 ; Lost fanout        ;
; ffd:FFD[1].ffd1s|yn[5]                 ; Lost fanout        ;
; ffd:FFD[0].ffd1s|yn[5]                 ; Lost fanout        ;
; ffd:FFD[8].ffd1s|yn[4]                 ; Lost fanout        ;
; ffd:FFD[7].ffd1s|yn[4]                 ; Lost fanout        ;
; ffd:FFD[6].ffd1s|yn[4]                 ; Lost fanout        ;
; ffd:FFD[5].ffd1s|yn[4]                 ; Lost fanout        ;
; ffd:FFD[4].ffd1s|yn[4]                 ; Lost fanout        ;
; ffd:FFD[3].ffd1s|yn[4]                 ; Lost fanout        ;
; ffd:FFD[2].ffd1s|yn[4]                 ; Lost fanout        ;
; ffd:FFD[1].ffd1s|yn[4]                 ; Lost fanout        ;
; ffd:FFD[0].ffd1s|yn[4]                 ; Lost fanout        ;
; ffd:FFD[8].ffd1s|yn[3]                 ; Lost fanout        ;
; ffd:FFD[7].ffd1s|yn[3]                 ; Lost fanout        ;
; ffd:FFD[6].ffd1s|yn[3]                 ; Lost fanout        ;
; ffd:FFD[5].ffd1s|yn[3]                 ; Lost fanout        ;
; ffd:FFD[4].ffd1s|yn[3]                 ; Lost fanout        ;
; ffd:FFD[3].ffd1s|yn[3]                 ; Lost fanout        ;
; ffd:FFD[2].ffd1s|yn[3]                 ; Lost fanout        ;
; ffd:FFD[1].ffd1s|yn[3]                 ; Lost fanout        ;
; ffd:FFD[0].ffd1s|yn[3]                 ; Lost fanout        ;
; ffd:FFD[8].ffd1s|yn[2]                 ; Lost fanout        ;
; ffd:FFD[7].ffd1s|yn[2]                 ; Lost fanout        ;
; ffd:FFD[6].ffd1s|yn[2]                 ; Lost fanout        ;
; ffd:FFD[5].ffd1s|yn[2]                 ; Lost fanout        ;
; ffd:FFD[4].ffd1s|yn[2]                 ; Lost fanout        ;
; ffd:FFD[3].ffd1s|yn[2]                 ; Lost fanout        ;
; ffd:FFD[2].ffd1s|yn[2]                 ; Lost fanout        ;
; ffd:FFD[1].ffd1s|yn[2]                 ; Lost fanout        ;
; ffd:FFD[0].ffd1s|yn[2]                 ; Lost fanout        ;
; ffd:FFD[8].ffd1s|yn[1]                 ; Lost fanout        ;
; ffd:FFD[7].ffd1s|yn[1]                 ; Lost fanout        ;
; ffd:FFD[6].ffd1s|yn[1]                 ; Lost fanout        ;
; ffd:FFD[5].ffd1s|yn[1]                 ; Lost fanout        ;
; ffd:FFD[4].ffd1s|yn[1]                 ; Lost fanout        ;
; ffd:FFD[3].ffd1s|yn[1]                 ; Lost fanout        ;
; ffd:FFD[2].ffd1s|yn[1]                 ; Lost fanout        ;
; ffd:FFD[1].ffd1s|yn[1]                 ; Lost fanout        ;
; ffd:FFD[0].ffd1s|yn[1]                 ; Lost fanout        ;
; ffd:FFD[8].ffd1s|yn[0]                 ; Lost fanout        ;
; ffd:FFD[7].ffd1s|yn[0]                 ; Lost fanout        ;
; ffd:FFD[6].ffd1s|yn[0]                 ; Lost fanout        ;
; ffd:FFD[5].ffd1s|yn[0]                 ; Lost fanout        ;
; ffd:FFD[4].ffd1s|yn[0]                 ; Lost fanout        ;
; ffd:FFD[3].ffd1s|yn[0]                 ; Lost fanout        ;
; ffd:FFD[2].ffd1s|yn[0]                 ; Lost fanout        ;
; ffd:FFD[1].ffd1s|yn[0]                 ; Lost fanout        ;
; ffd:FFD[0].ffd1s|yn[0]                 ; Lost fanout        ;
; Total Number of Removed Registers = 72 ;                    ;
+----------------------------------------+--------------------+


+-----------------------------------------------------------------------------------------------------------------------+
; Removed Registers Triggering Further Register Optimizations                                                           ;
+------------------------+--------------------+-------------------------------------------------------------------------+
; Register name          ; Reason for Removal ; Registers Removed due to This Register                                  ;
+------------------------+--------------------+-------------------------------------------------------------------------+
; ffd:FFD[8].ffd1s|yn[7] ; Lost Fanouts       ; ffd:FFD[7].ffd1s|yn[7], ffd:FFD[6].ffd1s|yn[7], ffd:FFD[5].ffd1s|yn[7], ;
;                        ;                    ; ffd:FFD[4].ffd1s|yn[7], ffd:FFD[3].ffd1s|yn[7], ffd:FFD[2].ffd1s|yn[7], ;
;                        ;                    ; ffd:FFD[1].ffd1s|yn[7], ffd:FFD[0].ffd1s|yn[7]                          ;
; ffd:FFD[8].ffd1s|yn[6] ; Lost Fanouts       ; ffd:FFD[7].ffd1s|yn[6], ffd:FFD[6].ffd1s|yn[6], ffd:FFD[5].ffd1s|yn[6], ;
;                        ;                    ; ffd:FFD[4].ffd1s|yn[6], ffd:FFD[3].ffd1s|yn[6], ffd:FFD[2].ffd1s|yn[6], ;
;                        ;                    ; ffd:FFD[1].ffd1s|yn[6], ffd:FFD[0].ffd1s|yn[6]                          ;
; ffd:FFD[8].ffd1s|yn[5] ; Lost Fanouts       ; ffd:FFD[7].ffd1s|yn[5], ffd:FFD[6].ffd1s|yn[5], ffd:FFD[5].ffd1s|yn[5], ;
;                        ;                    ; ffd:FFD[4].ffd1s|yn[5], ffd:FFD[3].ffd1s|yn[5], ffd:FFD[2].ffd1s|yn[5], ;
;                        ;                    ; ffd:FFD[1].ffd1s|yn[5], ffd:FFD[0].ffd1s|yn[5]                          ;
; ffd:FFD[8].ffd1s|yn[4] ; Lost Fanouts       ; ffd:FFD[7].ffd1s|yn[4], ffd:FFD[6].ffd1s|yn[4], ffd:FFD[5].ffd1s|yn[4], ;
;                        ;                    ; ffd:FFD[4].ffd1s|yn[4], ffd:FFD[3].ffd1s|yn[4], ffd:FFD[2].ffd1s|yn[4], ;
;                        ;                    ; ffd:FFD[1].ffd1s|yn[4], ffd:FFD[0].ffd1s|yn[4]                          ;
; ffd:FFD[8].ffd1s|yn[3] ; Lost Fanouts       ; ffd:FFD[7].ffd1s|yn[3], ffd:FFD[6].ffd1s|yn[3], ffd:FFD[5].ffd1s|yn[3], ;
;                        ;                    ; ffd:FFD[4].ffd1s|yn[3], ffd:FFD[3].ffd1s|yn[3], ffd:FFD[2].ffd1s|yn[3], ;
;                        ;                    ; ffd:FFD[1].ffd1s|yn[3], ffd:FFD[0].ffd1s|yn[3]                          ;
; ffd:FFD[8].ffd1s|yn[2] ; Lost Fanouts       ; ffd:FFD[7].ffd1s|yn[2], ffd:FFD[6].ffd1s|yn[2], ffd:FFD[5].ffd1s|yn[2], ;
;                        ;                    ; ffd:FFD[4].ffd1s|yn[2], ffd:FFD[3].ffd1s|yn[2], ffd:FFD[2].ffd1s|yn[2], ;
;                        ;                    ; ffd:FFD[1].ffd1s|yn[2], ffd:FFD[0].ffd1s|yn[2]                          ;
; ffd:FFD[8].ffd1s|yn[1] ; Lost Fanouts       ; ffd:FFD[7].ffd1s|yn[1], ffd:FFD[6].ffd1s|yn[1], ffd:FFD[5].ffd1s|yn[1], ;
;                        ;                    ; ffd:FFD[4].ffd1s|yn[1], ffd:FFD[3].ffd1s|yn[1], ffd:FFD[2].ffd1s|yn[1], ;
;                        ;                    ; ffd:FFD[1].ffd1s|yn[1], ffd:FFD[0].ffd1s|yn[1]                          ;
; ffd:FFD[8].ffd1s|yn[0] ; Lost Fanouts       ; ffd:FFD[7].ffd1s|yn[0], ffd:FFD[6].ffd1s|yn[0], ffd:FFD[5].ffd1s|yn[0], ;
;                        ;                    ; ffd:FFD[4].ffd1s|yn[0], ffd:FFD[3].ffd1s|yn[0], ffd:FFD[2].ffd1s|yn[0], ;
;                        ;                    ; ffd:FFD[1].ffd1s|yn[0], ffd:FFD[0].ffd1s|yn[0]                          ;
+------------------------+--------------------+-------------------------------------------------------------------------+


+------------------------------------------------------+
; General Register Statistics                          ;
+----------------------------------------------+-------+
; Statistic                                    ; Value ;
+----------------------------------------------+-------+
; Total registers                              ; 0     ;
; Number of registers using Synchronous Clear  ; 0     ;
; Number of registers using Synchronous Load   ; 0     ;
; Number of registers using Asynchronous Clear ; 0     ;
; Number of registers using Asynchronous Load  ; 0     ;
; Number of registers using Clock Enable       ; 0     ;
; Number of registers using Preset             ; 0     ;
+----------------------------------------------+-------+


+------------------------------------------------------------------------------+
; Parameter Settings for User Entity Instance: Top-level Entity: |gaussian_fir ;
+----------------+-------+-----------------------------------------------------+
; Parameter Name ; Value ; Type                                                ;
+----------------+-------+-----------------------------------------------------+
; WIDTH          ; 8     ; Signed Integer                                      ;
; NCOEFS         ; 10    ; Signed Integer                                      ;
+----------------+-------+-----------------------------------------------------+
Note: In order to hide this table in the UI and the text report file, please set the "Show Parameter Settings in Synthesis Report" option in "Analysis and Synthesis Settings -> More Settings" to "Off".


+---------------------------------------------------------------+
; Parameter Settings for User Entity Instance: ffd:FFD[0].ffd1s ;
+----------------+-------+--------------------------------------+
; Parameter Name ; Value ; Type                                 ;
+----------------+-------+--------------------------------------+
; WIDTH          ; 8     ; Signed Integer                       ;
+----------------+-------+--------------------------------------+
Note: In order to hide this table in the UI and the text report file, please set the "Show Parameter Settings in Synthesis Report" option in "Analysis and Synthesis Settings -> More Settings" to "Off".


+---------------------------------------------------------------+
; Parameter Settings for User Entity Instance: ffd:FFD[1].ffd1s ;
+----------------+-------+--------------------------------------+
; Parameter Name ; Value ; Type                                 ;
+----------------+-------+--------------------------------------+
; WIDTH          ; 8     ; Signed Integer                       ;
+----------------+-------+--------------------------------------+
Note: In order to hide this table in the UI and the text report file, please set the "Show Parameter Settings in Synthesis Report" option in "Analysis and Synthesis Settings -> More Settings" to "Off".


+---------------------------------------------------------------+
; Parameter Settings for User Entity Instance: ffd:FFD[2].ffd1s ;
+----------------+-------+--------------------------------------+
; Parameter Name ; Value ; Type                                 ;
+----------------+-------+--------------------------------------+
; WIDTH          ; 8     ; Signed Integer                       ;
+----------------+-------+--------------------------------------+
Note: In order to hide this table in the UI and the text report file, please set the "Show Parameter Settings in Synthesis Report" option in "Analysis and Synthesis Settings -> More Settings" to "Off".


+---------------------------------------------------------------+
; Parameter Settings for User Entity Instance: ffd:FFD[3].ffd1s ;
+----------------+-------+--------------------------------------+
; Parameter Name ; Value ; Type                                 ;
+----------------+-------+--------------------------------------+
; WIDTH          ; 8     ; Signed Integer                       ;
+----------------+-------+--------------------------------------+
Note: In order to hide this table in the UI and the text report file, please set the "Show Parameter Settings in Synthesis Report" option in "Analysis and Synthesis Settings -> More Settings" to "Off".


+---------------------------------------------------------------+
; Parameter Settings for User Entity Instance: ffd:FFD[4].ffd1s ;
+----------------+-------+--------------------------------------+
; Parameter Name ; Value ; Type                                 ;
+----------------+-------+--------------------------------------+
; WIDTH          ; 8     ; Signed Integer                       ;
+----------------+-------+--------------------------------------+
Note: In order to hide this table in the UI and the text report file, please set the "Show Parameter Settings in Synthesis Report" option in "Analysis and Synthesis Settings -> More Settings" to "Off".


+---------------------------------------------------------------+
; Parameter Settings for User Entity Instance: ffd:FFD[5].ffd1s ;
+----------------+-------+--------------------------------------+
; Parameter Name ; Value ; Type                                 ;
+----------------+-------+--------------------------------------+
; WIDTH          ; 8     ; Signed Integer                       ;
+----------------+-------+--------------------------------------+
Note: In order to hide this table in the UI and the text report file, please set the "Show Parameter Settings in Synthesis Report" option in "Analysis and Synthesis Settings -> More Settings" to "Off".


+---------------------------------------------------------------+
; Parameter Settings for User Entity Instance: ffd:FFD[6].ffd1s ;
+----------------+-------+--------------------------------------+
; Parameter Name ; Value ; Type                                 ;
+----------------+-------+--------------------------------------+
; WIDTH          ; 8     ; Signed Integer                       ;
+----------------+-------+--------------------------------------+
Note: In order to hide this table in the UI and the text report file, please set the "Show Parameter Settings in Synthesis Report" option in "Analysis and Synthesis Settings -> More Settings" to "Off".


+---------------------------------------------------------------+
; Parameter Settings for User Entity Instance: ffd:FFD[7].ffd1s ;
+----------------+-------+--------------------------------------+
; Parameter Name ; Value ; Type                                 ;
+----------------+-------+--------------------------------------+
; WIDTH          ; 8     ; Signed Integer                       ;
+----------------+-------+--------------------------------------+
Note: In order to hide this table in the UI and the text report file, please set the "Show Parameter Settings in Synthesis Report" option in "Analysis and Synthesis Settings -> More Settings" to "Off".


+---------------------------------------------------------------+
; Parameter Settings for User Entity Instance: ffd:FFD[8].ffd1s ;
+----------------+-------+--------------------------------------+
; Parameter Name ; Value ; Type                                 ;
+----------------+-------+--------------------------------------+
; WIDTH          ; 8     ; Signed Integer                       ;
+----------------+-------+--------------------------------------+
Note: In order to hide this table in the UI and the text report file, please set the "Show Parameter Settings in Synthesis Report" option in "Analysis and Synthesis Settings -> More Settings" to "Off".


+---------------------------------------------------------------+
; Parameter Settings for User Entity Instance: sum:SUM[0].sum1s ;
+----------------+-------+--------------------------------------+
; Parameter Name ; Value ; Type                                 ;
+----------------+-------+--------------------------------------+
; WIDTH          ; 8     ; Signed Integer                       ;
+----------------+-------+--------------------------------------+
Note: In order to hide this table in the UI and the text report file, please set the "Show Parameter Settings in Synthesis Report" option in "Analysis and Synthesis Settings -> More Settings" to "Off".


+---------------------------------------------------------------+
; Parameter Settings for User Entity Instance: sum:SUM[1].sum1s ;
+----------------+-------+--------------------------------------+
; Parameter Name ; Value ; Type                                 ;
+----------------+-------+--------------------------------------+
; WIDTH          ; 8     ; Signed Integer                       ;
+----------------+-------+--------------------------------------+
Note: In order to hide this table in the UI and the text report file, please set the "Show Parameter Settings in Synthesis Report" option in "Analysis and Synthesis Settings -> More Settings" to "Off".


+---------------------------------------------------------------+
; Parameter Settings for User Entity Instance: sum:SUM[2].sum1s ;
+----------------+-------+--------------------------------------+
; Parameter Name ; Value ; Type                                 ;
+----------------+-------+--------------------------------------+
; WIDTH          ; 8     ; Signed Integer                       ;
+----------------+-------+--------------------------------------+
Note: In order to hide this table in the UI and the text report file, please set the "Show Parameter Settings in Synthesis Report" option in "Analysis and Synthesis Settings -> More Settings" to "Off".


+---------------------------------------------------------------+
; Parameter Settings for User Entity Instance: sum:SUM[3].sum1s ;
+----------------+-------+--------------------------------------+
; Parameter Name ; Value ; Type                                 ;
+----------------+-------+--------------------------------------+
; WIDTH          ; 8     ; Signed Integer                       ;
+----------------+-------+--------------------------------------+
Note: In order to hide this table in the UI and the text report file, please set the "Show Parameter Settings in Synthesis Report" option in "Analysis and Synthesis Settings -> More Settings" to "Off".


+---------------------------------------------------------------+
; Parameter Settings for User Entity Instance: sum:SUM[4].sum1s ;
+----------------+-------+--------------------------------------+
; Parameter Name ; Value ; Type                                 ;
+----------------+-------+--------------------------------------+
; WIDTH          ; 8     ; Signed Integer                       ;
+----------------+-------+--------------------------------------+
Note: In order to hide this table in the UI and the text report file, please set the "Show Parameter Settings in Synthesis Report" option in "Analysis and Synthesis Settings -> More Settings" to "Off".


+---------------------------------------------------------------+
; Parameter Settings for User Entity Instance: sum:SUM[5].sum1s ;
+----------------+-------+--------------------------------------+
; Parameter Name ; Value ; Type                                 ;
+----------------+-------+--------------------------------------+
; WIDTH          ; 8     ; Signed Integer                       ;
+----------------+-------+--------------------------------------+
Note: In order to hide this table in the UI and the text report file, please set the "Show Parameter Settings in Synthesis Report" option in "Analysis and Synthesis Settings -> More Settings" to "Off".


+---------------------------------------------------------------+
; Parameter Settings for User Entity Instance: sum:SUM[6].sum1s ;
+----------------+-------+--------------------------------------+
; Parameter Name ; Value ; Type                                 ;
+----------------+-------+--------------------------------------+
; WIDTH          ; 8     ; Signed Integer                       ;
+----------------+-------+--------------------------------------+
Note: In order to hide this table in the UI and the text report file, please set the "Show Parameter Settings in Synthesis Report" option in "Analysis and Synthesis Settings -> More Settings" to "Off".


+---------------------------------------------------------------+
; Parameter Settings for User Entity Instance: sum:SUM[7].sum1s ;
+----------------+-------+--------------------------------------+
; Parameter Name ; Value ; Type                                 ;
+----------------+-------+--------------------------------------+
; WIDTH          ; 8     ; Signed Integer                       ;
+----------------+-------+--------------------------------------+
Note: In order to hide this table in the UI and the text report file, please set the "Show Parameter Settings in Synthesis Report" option in "Analysis and Synthesis Settings -> More Settings" to "Off".


+---------------------------------------------------------------+
; Parameter Settings for User Entity Instance: sum:SUM[8].sum1s ;
+----------------+-------+--------------------------------------+
; Parameter Name ; Value ; Type                                 ;
+----------------+-------+--------------------------------------+
; WIDTH          ; 8     ; Signed Integer                       ;
+----------------+-------+--------------------------------------+
Note: In order to hide this table in the UI and the text report file, please set the "Show Parameter Settings in Synthesis Report" option in "Analysis and Synthesis Settings -> More Settings" to "Off".


+-----------------------------------------------------+
; Post-Synthesis Netlist Statistics for Top Partition ;
+-----------------------+-----------------------------+
; Type                  ; Count                       ;
+-----------------------+-----------------------------+
; boundary_port         ; 18                          ;
; cycloneiii_lcell_comb ; 1                           ;
;     normal            ; 1                           ;
;         0 data inputs ; 1                           ;
;                       ;                             ;
; Max LUT depth         ; 0.00                        ;
; Average LUT depth     ; 0.00                        ;
+-----------------------+-----------------------------+


+-------------------------------+
; Elapsed Time Per Partition    ;
+----------------+--------------+
; Partition Name ; Elapsed Time ;
+----------------+--------------+
; Top            ; 00:00:00     ;
+----------------+--------------+


+-------------------------------+
; Analysis & Synthesis Messages ;
+-------------------------------+
Info: *******************************************************************
Info: Running Quartus Prime Analysis & Synthesis
    Info: Version 23.1std.1 Build 993 05/14/2024 SC Lite Edition
    Info: Processing started: Wed Jul 30 14:49:01 2025
Info: Command: quartus_map --read_settings_files=on --write_settings_files=off FIR_Filter_Gaussian -c FIR_Filter_Gaussian
Warning (18236): Number of processors has not been specified which may cause overloading on shared machines.  Set the global assignment NUM_PARALLEL_PROCESSORS in your QSF to an appropriate value for best performance.
Info (20030): Parallel compilation is enabled and will use 16 of the 24 processors detected
Info (12021): Found 2 design units, including 2 entities, in source file /home/xmen/Videos/FIR_Filter_Gaussian/hdl/gaussian_fir.sv
    Info (12023): Found entity 1: gaussian_fir File: /home/xmen/Videos/FIR_Filter_Gaussian/hdl/gaussian_fir.sv Line: 1
    Info (12023): Found entity 2: sum File: /home/xmen/Videos/FIR_Filter_Gaussian/hdl/gaussian_fir.sv Line: 38
Info (12021): Found 1 design units, including 1 entities, in source file /home/xmen/Videos/FIR_Filter_Gaussian/hdl/base_fir.sv
    Info (12023): Found entity 1: ffd File: /home/xmen/Videos/FIR_Filter_Gaussian/hdl/base_fir.sv Line: 1
Info (12127): Elaborating entity "gaussian_fir" for the top level hierarchy
Warning (10850): Verilog HDL warning at gaussian_fir.sv(14): number of words (797) in memory file does not match the number of elements in the address range [0:9] File: /home/xmen/Videos/FIR_Filter_Gaussian/hdl/gaussian_fir.sv Line: 14
Info (12128): Elaborating entity "ffd" for hierarchy "ffd:FFD[0].ffd1s" File: /home/xmen/Videos/FIR_Filter_Gaussian/hdl/gaussian_fir.sv Line: 25
Info (12128): Elaborating entity "sum" for hierarchy "sum:SUM[0].sum1s" File: /home/xmen/Videos/FIR_Filter_Gaussian/hdl/gaussian_fir.sv Line: 31
Warning (13024): Output pins are stuck at VCC or GND
    Warning (13410): Pin "yn[0]" is stuck at GND File: /home/xmen/Videos/FIR_Filter_Gaussian/hdl/gaussian_fir.sv Line: 6
    Warning (13410): Pin "yn[1]" is stuck at GND File: /home/xmen/Videos/FIR_Filter_Gaussian/hdl/gaussian_fir.sv Line: 6
    Warning (13410): Pin "yn[2]" is stuck at GND File: /home/xmen/Videos/FIR_Filter_Gaussian/hdl/gaussian_fir.sv Line: 6
    Warning (13410): Pin "yn[3]" is stuck at GND File: /home/xmen/Videos/FIR_Filter_Gaussian/hdl/gaussian_fir.sv Line: 6
    Warning (13410): Pin "yn[4]" is stuck at GND File: /home/xmen/Videos/FIR_Filter_Gaussian/hdl/gaussian_fir.sv Line: 6
    Warning (13410): Pin "yn[5]" is stuck at GND File: /home/xmen/Videos/FIR_Filter_Gaussian/hdl/gaussian_fir.sv Line: 6
    Warning (13410): Pin "yn[6]" is stuck at GND File: /home/xmen/Videos/FIR_Filter_Gaussian/hdl/gaussian_fir.sv Line: 6
    Warning (13410): Pin "yn[7]" is stuck at GND File: /home/xmen/Videos/FIR_Filter_Gaussian/hdl/gaussian_fir.sv Line: 6
Info (17049): 72 registers lost all their fanouts during netlist optimizations.
Info (16010): Generating hard_block partition "hard_block:auto_generated_inst"
    Info (16011): Adding 0 node(s), including 0 DDIO, 0 PLL, 0 transceiver and 0 LCELL
Warning (21074): Design contains 10 input pin(s) that do not drive logic
    Warning (15610): No output dependent on input pin "clock" File: /home/xmen/Videos/FIR_Filter_Gaussian/hdl/gaussian_fir.sv Line: 2
    Warning (15610): No output dependent on input pin "nreset" File: /home/xmen/Videos/FIR_Filter_Gaussian/hdl/gaussian_fir.sv Line: 3
    Warning (15610): No output dependent on input pin "xn[0]" File: /home/xmen/Videos/FIR_Filter_Gaussian/hdl/gaussian_fir.sv Line: 4
    Warning (15610): No output dependent on input pin "xn[1]" File: /home/xmen/Videos/FIR_Filter_Gaussian/hdl/gaussian_fir.sv Line: 4
    Warning (15610): No output dependent on input pin "xn[2]" File: /home/xmen/Videos/FIR_Filter_Gaussian/hdl/gaussian_fir.sv Line: 4
    Warning (15610): No output dependent on input pin "xn[3]" File: /home/xmen/Videos/FIR_Filter_Gaussian/hdl/gaussian_fir.sv Line: 4
    Warning (15610): No output dependent on input pin "xn[4]" File: /home/xmen/Videos/FIR_Filter_Gaussian/hdl/gaussian_fir.sv Line: 4
    Warning (15610): No output dependent on input pin "xn[5]" File: /home/xmen/Videos/FIR_Filter_Gaussian/hdl/gaussian_fir.sv Line: 4
    Warning (15610): No output dependent on input pin "xn[6]" File: /home/xmen/Videos/FIR_Filter_Gaussian/hdl/gaussian_fir.sv Line: 4
    Warning (15610): No output dependent on input pin "xn[7]" File: /home/xmen/Videos/FIR_Filter_Gaussian/hdl/gaussian_fir.sv Line: 4
Info (21057): Implemented 18 device resources after synthesis - the final resource count might be different
    Info (21058): Implemented 10 input pins
    Info (21059): Implemented 8 output pins
Info: Quartus Prime Analysis & Synthesis was successful. 0 errors, 22 warnings
    Info: Peak virtual memory: 614 megabytes
    Info: Processing ended: Wed Jul 30 14:49:04 2025
    Info: Elapsed time: 00:00:03
    Info: Total CPU time (on all processors): 00:00:08


